<?xml version="1.0" encoding="utf-8"?><testsuites name="pytest tests"><testsuite name="pytest" errors="0" failures="0" skipped="0" tests="14" time="5.508" timestamp="2026-05-12T16:35:08.586524+00:00" hostname="agent-env-2ff2a02f-d252-483d-991f-7c00d457209c"><testcase classname="backend.tests.test_ridebuddy.TestAuth" name="test_send_otp" time="0.327" /><testcase classname="backend.tests.test_ridebuddy.TestAuth" name="test_verify_invalid_otp" time="0.065" /><testcase classname="backend.tests.test_ridebuddy.TestAuth" name="test_verify_short_otp" time="0.064" /><testcase classname="backend.tests.test_ridebuddy.TestAuth" name="test_verify_valid_otp_new_user" time="0.135" /><testcase classname="backend.tests.test_ridebuddy.TestAuth" name="test_me_endpoint" time="0.063" /><testcase classname="backend.tests.test_ridebuddy.TestAuth" name="test_me_no_auth" time="0.212" /><testcase classname="backend.tests.test_ridebuddy.TestUser" name="test_update_profile" time="0.125" /><testcase classname="backend.tests.test_ridebuddy.TestCars" name="test_car_crud" time="0.266" /><testcase classname="backend.tests.test_ridebuddy.TestEstimate" name="test_estimate_new_user_p2p_oneway" time="0.189" /><testcase classname="backend.tests.test_ridebuddy.TestEstimate" name="test_estimate_hourly" time="0.064" /><testcase classname="backend.tests.test_ridebuddy.TestEstimate" name="test_estimate_round_trip" time="0.060" /><testcase classname="backend.tests.test_ridebuddy.TestBookingLifecycle" name="test_full_booking_flow" time="3.508" /><testcase classname="backend.tests.test_ridebuddy.TestBookingLifecycle" name="test_cancel_booking" time="0.186" /><testcase classname="backend.tests.test_ridebuddy.TestBookingLifecycle" name="test_list_bookings_sorted" time="0.061" /></testsuite></testsuites>