<?xml version="1.0" encoding="utf-8"?><testsuites name="pytest tests"><testsuite name="pytest" errors="0" failures="0" skipped="0" tests="16" time="5.443" timestamp="2026-05-15T06:09:23.596060+00:00" hostname="agent-env-2ff2a02f-d252-483d-991f-7c00d457209c"><testcase classname="backend.tests.test_ridebuddy.TestAuth" name="test_send_otp" time="0.275" /><testcase classname="backend.tests.test_ridebuddy.TestAuth" name="test_verify_invalid_otp" time="0.045" /><testcase classname="backend.tests.test_ridebuddy.TestAuth" name="test_verify_short_otp" time="0.049" /><testcase classname="backend.tests.test_ridebuddy.TestAuth" name="test_verify_valid_otp_new_user" time="0.091" /><testcase classname="backend.tests.test_ridebuddy.TestAuth" name="test_me_endpoint" time="0.047" /><testcase classname="backend.tests.test_ridebuddy.TestAuth" name="test_me_no_auth" time="0.133" /><testcase classname="backend.tests.test_ridebuddy.TestUser" name="test_update_profile" time="0.095" /><testcase classname="backend.tests.test_ridebuddy.TestCars" name="test_car_crud" time="0.203" /><testcase classname="backend.tests.test_ridebuddy.TestEstimate" name="test_estimate_new_user_p2p_oneway" time="0.166" /><testcase classname="backend.tests.test_ridebuddy.TestEstimate" name="test_estimate_hourly" time="0.047" /><testcase classname="backend.tests.test_ridebuddy.TestEstimate" name="test_estimate_round_trip_days_27_new_user" time="0.144" /><testcase classname="backend.tests.test_ridebuddy.TestEstimate" name="test_estimate_round_trip_days_existing_user_no_discount" time="0.045" /><testcase classname="backend.tests.test_ridebuddy.TestEstimate" name="test_create_booking_with_days_persists" time="0.169" /><testcase classname="backend.tests.test_ridebuddy.TestBookingLifecycle" name="test_full_booking_flow" time="3.475" /><testcase classname="backend.tests.test_ridebuddy.TestBookingLifecycle" name="test_cancel_booking" time="0.137" /><testcase classname="backend.tests.test_ridebuddy.TestBookingLifecycle" name="test_list_bookings_sorted" time="0.046" /></testsuite></testsuites>